1537410810510	mozrunner::runner	INFO	Running command: "C:\\Program Files\\Mozilla Firefox\\firefox.exe" "-marionette" "-foreground" "-no-remote" "-profile" "C:\\Users\\wjb_win8\\AppData\\Local\\Temp\\rust_mozprofile.GPuJbE9rArWQ"
[GFX1-]: ClientLayerManager::BeginTransaction with IPC channel down. GPU process may have died.
1537410812986	Marionette	INFO	Listening on port 35981
1537410813247	Marionette	WARN	TLS certificate errors will be ignored for this session
1537410813272	Marionette	DEBUG	[6442450945] Frame script loaded
1537410813273	Marionette	DEBUG	[6442450945] Frame script registered
1537410813285	Marionette	DEBUG	[6442450945] Received DOM event beforeunload for about:blank
1537410813413	Marionette	DEBUG	[6442450945] Received DOM event pagehide for about:blank
1537410813707	Marionette	DEBUG	[6442450945] Received DOM event DOMContentLoaded for http://hotel.qunar.com/
1537410816447	Marionette	DEBUG	[6442450945] Received observer notification outer-window-destroyed for 6442450956
1537410837553	Marionette	DEBUG	[6442450945] Received DOM event pageshow for http://hotel.qunar.com/
1537410837842	Marionette	DEBUG	[6442450945] Received DOM event beforeunload for http://hotel.qunar.com/
1537410837852	Marionette	DEBUG	[6442450945] Received DOM event popstate for http://hotel.qunar.com/#
JavaScript warning: http://hotel.qunar.com/city/beijing_city/#fromDate=2018-09-20&cityurl=&from=qunarHotel&toDate=2018-09-21, line 73: String.trim is deprecated; use String.prototype.trim instead
JavaScript warning: http://q.qunarzz.com/hotel_fekit/prd/scripts/list@ecc6a1fddcb88ce1ed86.js, line 1: unreachable code after return statement
JavaScript error: https://rmcsdf.qunar.com/api/device/challenge.json?callback=callback_1537410839482&sessionId=3aae4c0f-5a10-421b-b975-b3fb8ecbbead&domain=qunar.com&orgId=ucenter.login, line 1: NS_ERROR_FAILURE: 
JavaScript warning: http://q.qunarzz.com/hotel_fekit/prd/scripts/list@ecc6a1fddcb88ce1ed86.js, line 1: unreachable code after return statement
JavaScript warning: http://static.mediav.com/mv.js, line 1: unreachable code after return statement
1537410850221	Marionette	DEBUG	[6442450945] Canceled page load listener because no navigation has been detected
JavaScript error: https://tuan.qunar.com/ext/sact/YfiMFn?v=1537410861909#isWider=0, line 111: ReferenceError: $ is not defined
JavaScript error: https://tuan.qunar.com/ext/sact/YfiMFn?v=1537410861909#isWider=0, line 50: ReferenceError: $ is not defined
JavaScript error: https://rmcsdf.qunar.com/api/device/challenge.json?callback=callback_1537410865540&sessionId=f8b72e29-601d-48ab-97d2-b99c61b40135&domain=qunar.com&orgId=ucenter.login, line 1: NS_ERROR_FAILURE: 
1537410867364	Marionette	DEBUG	[6442450945] Canceled page load listener because no navigation has been detected
console.error: "TypeError: this.onSelected is not a function: onDetachedFront@resource://devtools/shared/base-loader.js -> resource://devtools/client/inspector/computed/computed.js:1461:5\nemit@resource://devtools/shared/base-loader.js -> resource://devtools/shared/event-emitter.js:178:37\nemit@resource://devtools/shared/base-loader.js -> resource://devtools/shared/event-emitter.js:255:29\n_onMutations@resource://devtools/shared/base-loader.js -> resource://devtools/client/framework/selection.js:105:7\nemit@resource://devtools/shared/base-loader.js -> resource://devtools/shared/event-emitter.js:178:37\nemit@resource://devtools/shared/base-loader.js -> resource://devtools/shared/event-emitter.js:255:29\nWalkerFront<.getMutations</<@resource://devtools/shared/base-loader.js -> resource://devtools/shared/fronts/inspector.js:420:7\n"
TypeError: this.onSelected is not a function: onDetachedFront@resource://devtools/shared/base-loader.js -> resource://devtools/client/inspector/computed/computed.js:1461:5
emit@resource://devtools/shared/base-loader.js -> resource://devtools/shared/event-emitter.js:178:37
emit@resource://devtools/shared/base-loader.js -> resource://devtools/shared/event-emitter.js:255:29
_onMutations@resource://devtools/shared/base-loader.js -> resource://devtools/client/framework/selection.js:105:7
emit@resource://devtools/shared/base-loader.js -> resource://devtools/shared/event-emitter.js:178:37
emit@resource://devtools/shared/base-loader.js -> resource://devtools/shared/event-emitter.js:255:29
WalkerFront<.getMutations</<@resource://devtools/shared/base-loader.js -> resource://devtools/shared/fronts/inspector.js:420:7

1537410882196	Marionette	DEBUG	[6442450945] Canceled page load listener because no navigation has been detected
hread] WARNING: pipe error: 109: file z:/build/build/src/ipc/chromium/src/chrome/common/ipc_channel_win.cc, line 346
[Child 6824, Chrome_ChildThread] WARNING: pipe error: 109: file z:/build/build/src/ipc/chromium/src/chrome/common/ipc_channel_win.cc, line 346
[Child 6824, Chrome_ChildThread] WARNING: pipe error: 109: file z:/build/build/src/ipc/chromium/src/chrome/common/ipc_channel_win.cc, line 346
1537408763805	Marionette	INFO	Stopped listening on port 33034
[GPU 9188, Chrome_ChildThread] WARNING: pipe error: 109: file z:/build/build/src/ipc/chromium/src/chrome/common/ipc_channel_win.cc, line 346

###!!! [Child][MessageChannel::SendAndWait] Error: Channel error: cannot send/recv

sageChannel::SendAndWait] Error: Channel error: cannot send/recv

eserialized, but the handler returned false (indicating failure)

IPDL protocol error: Handler returned error code!

###!!! [Parent][DispatchAsyncMessage] Error: PLayerTransaction::Msg_ReleaseLayer Processing error: message was deserialized, but the handler returned false (indicating failure)

IPDL protocol error: Handler returned error code!

###!!! [Parent][DispatchAsyncMessage] Error: PLayerTransaction::Msg_ReleaseLayer Processing error: message was deserialized, but the handler returned false (indicating failure)

IPDL protocol error: Handler returned error code!

###!!! [Parent][DispatchAsyncMessage] Error: PLayerTransaction::Msg_ReleaseLayer Processing error: message was deserialized, but the handler returned false (indicating failure)

IPDL protocol error: Handler returned error code!

###!!! [Parent][DispatchAsyncMessage] Error: PLayerTransaction::Msg_ReleaseLayer Processing error: message was deserialized, but the handler returned false (indicating failure)

IPDL protocol error: Handler returned error code!

###!!! [Parent][DispatchAsyncMessage] Error: PLayerTransaction::Msg_ReleaseLayer Processing error: message was deserialized, but the handler returned false (indicating failure)

IPDL protocol error: Handler returned error code!

###!!! [Parent][DispatchAsyncMessage] Error: PLayerTransaction::Msg_ReleaseLayer Processing error: message was deserialized, but the handler returned false (indicating failure)

IPDL protocol error: Handler returned error code!

###!!! [Parent][DispatchAsyncMessage] Error: PLayerTransaction::Msg_ReleaseLayer Processing error: message was deserialized, but the handler returned false (indicating failure)


###!!! [Child][RunMessage] Error: Channel closing: too late to send/recv, messages will be lost


###!!! [Child][RunMessage] Error: Channel closing: too late to send/recv, messages will be lost

[Child 8548, Chrome_ChildThread] WARNING: pipe error: 109: file z:/build/build/src/ipc/chromium/src/chrome/common/ipc_channel_win.cc, line 346

###!!! [Child][RunMessage] Error: Channel closing: too late to send/recv, messages will be lost


###!!! [Child][RunMessage] Error: Channel closing: too late to send/recv, messages will be lost


###!!! [Child][MessageChannel] Error: (msgtype=0x2E00B1,name=PContent::Msg_ScriptError) Channel closing: too late to send/recv, messages will be lost


###!!! [Child][RunMessage] Error: Channel closing: too late to send/recv, messages will be lost


###!!! [Child][RunMessage] Error: Channel closing: too late to send/recv, messages will be lost


###!!! [Child][RunMessage] Error: Channel closing: too late to send/recv, messages will be lost


###!!! [Child][RunMessage] Error: Channel closing: too late to send/recv, messages will be lost


###!!! [Child][RunMessage] Error: Channel closing: too late to send/recv, messages will be lost


###!!! [Child][RunMessage] Error: Channel closing: too late to send/recv, messages will be lost


###!!! [Child][RunMessage] Error: Channel closing: too late to send/recv, messages will be lost


###!!! [Child][RunMessage] Error: Channel closing: too late to send/recv, messages will be lost


###!!! [Child][RunMessage] Error: Channel closing: too late to send/recv, messages will be lost


###!!! [Child][RunMessage] Error: Channel closing: too late to send/recv, messages will be lost


###!!! [Child][RunMessage] Error: Channel closing: too late to send/recv, messages will be lost


###!!! [Child][RunMessage] Error: Channel closing: too late to send/recv, messages will be lost


###!!! [Child][RunMessage] Error: Channel closing: too late to send/recv, messages will be lost


###!!! [Child][RunMessage] Error: Channel closing: too late to send/recv, messages will be lost

[Parent 6548, Gecko_IOThread] WARNING: pipe error: 109: file z:/build/build/src/ipc/chromium/src/chrome/common/ipc_channel_win.cc, line 346
[Child 5588, Chrome_ChildThread] WARNING: pipe error: 109: file z:/build/build/src/ipc/chromium/src/chrome/common/ipc_channel_win.cc, line 346
[Child 5588, Chrome_ChildThread] WARNING: pipe error: 109: file z:/build/build/src/ipc/chromium/src/chrome/common/ipc_channel_win.cc, line 346
1537407181031	Marionette	INFO	Stopped listening on port 31257
[GPU 3892, Chrome_ChildThread] WARNING: pipe error: 109: file z:/build/build/src/ipc/chromium/src/chrome/common/ipc_channel_win.cc, line 346

###!!! [Child][MessageChannel::SendAndWait] Error: Channel error: cannot send/recv

